<?xml version="1.0" encoding="UTF-8"?>
<testng-results ignored="0" total="1" passed="1" failed="0" skipped="0">
  <reporter-output>
  </reporter-output>
  <suite started-at="2024-09-23T10:43:54 IST" name="Default suite" finished-at="2024-09-23T10:44:57 IST" duration-ms="62229">
    <groups>
    </groups>
    <test started-at="2024-09-23T10:43:54 IST" name="Default test" finished-at="2024-09-23T10:44:57 IST" duration-ms="62229">
      <class name="com.workday.tests.TC_AdHocBankTransc">
        <test-method is-config="true" signature="setUp()[pri:0, instance:com.workday.tests.TC_AdHocBankTransc@1972e513]" started-at="2024-09-23T10:43:54 IST" name="setUp" finished-at="2024-09-23T10:44:17 IST" duration-ms="22985" status="PASS">
          <reporter-output>
          </reporter-output>
        </test-method> <!-- setUp -->
        <test-method signature="AdHocBankTransc()[pri:0, instance:com.workday.tests.TC_AdHocBankTransc@1972e513]" started-at="2024-09-23T10:44:17 IST" name="AdHocBankTransc" finished-at="2024-09-23T10:44:57 IST" duration-ms="39192" status="PASS">
          <reporter-output>
          </reporter-output>
        </test-method> <!-- AdHocBankTransc -->
      </class> <!-- com.workday.tests.TC_AdHocBankTransc -->
    </test> <!-- Default test -->
  </suite> <!-- Default suite -->
</testng-results>
